<?xml version="1.0" encoding="UTF-8"?>
<!-- Generated by org.testng.reporters.JUnitReportReporter -->
<testsuite hostname="Alaa-Saber" failures="0" tests="4" name="ValidateScenario.ValidationScenarios" time="0.274" errors="0" timestamp="2023-03-24T22:02:51 EET" skipped="0">
  <testcase classname="ValidateScenario.ValidationScenarios" name="validate_Package_Prices" time="0.059"/>
  <system-out/>
  <testcase classname="ValidateScenario.ValidationScenarios" name="validate_Number_Of_Packages" time="0.060"/>
  <system-out/>
  <testcase classname="ValidateScenario.ValidationScenarios" name="validate_Package_Types" time="0.057"/>
  <system-out/>
  <testcase classname="ValidateScenario.ValidationScenarios" name="validate_Currency" time="0.098"/>
  <system-out/>
</testsuite> <!-- ValidateScenario.ValidationScenarios -->
